0 info it worked if it ends with ok
1 verbose cli [ '/usr/local/bin/node', '/usr/local/bin/npm', 'publish' ]
2 info using npm@2.14.12
3 info using node@v4.2.4
4 verbose publish [ '.' ]
5 silly cache add args [ '.', null ]
6 verbose cache add spec .
7 silly cache add parsed spec Result {
7 silly cache add   raw: '.',
7 silly cache add   scope: null,
7 silly cache add   name: null,
7 silly cache add   rawSpec: '.',
7 silly cache add   spec: '/Users/shonigstein/Desktop/google-panorama-depthmap',
7 silly cache add   type: 'directory' }
8 verbose addLocalDirectory /Users/shonigstein/.npm/google-panorama-depthmap/0.0.1/package.tgz not in flight; packing
9 verbose tar pack [ '/Users/shonigstein/.npm/google-panorama-depthmap/0.0.1/package.tgz',
9 verbose tar pack   '/Users/shonigstein/Desktop/google-panorama-depthmap' ]
10 verbose tarball /Users/shonigstein/.npm/google-panorama-depthmap/0.0.1/package.tgz
11 verbose folder /Users/shonigstein/Desktop/google-panorama-depthmap
12 info prepublish google-panorama-depthmap@0.0.1
13 verbose addLocalTarball adding from inside cache /Users/shonigstein/.npm/google-panorama-depthmap/0.0.1/package.tgz
14 silly cache afterAdd google-panorama-depthmap@0.0.1
15 verbose afterAdd /Users/shonigstein/.npm/google-panorama-depthmap/0.0.1/package/package.json not in flight; writing
16 verbose afterAdd /Users/shonigstein/.npm/google-panorama-depthmap/0.0.1/package/package.json written
17 silly publish { name: 'google-panorama-depthmap',
17 silly publish   version: '0.0.1',
17 silly publish   description: 'get a depth map from a panoID ( google street view )',
17 silly publish   main: 'index.js',
17 silly publish   dependencies:
17 silly publish    { 'base-64': '^0.1.0',
17 silly publish      zpipe: '^1.0.2',
17 silly publish      'jsonp-client': '^1.0.1' },
17 silly publish   devDependencies: {},
17 silly publish   scripts: { test: 'echo "Error: no test specified" && exit 1' },
17 silly publish   repository:
17 silly publish    { type: 'git',
17 silly publish      url: 'git+https://github.com/Samsy/google-panorama-depthmap.git' },
17 silly publish   keywords: [ 'webgl', 'depthmap', 'street', 'view', 'canvas' ],
17 silly publish   author: { name: 'samsy' },
17 silly publish   license: 'ISC',
17 silly publish   bugs: { url: 'https://github.com/Samsy/google-panorama-depthmap/issues' },
17 silly publish   homepage: 'https://github.com/Samsy/google-panorama-depthmap#readme',
17 silly publish   readme: '# google-panorama-depthmap\n\nGet a depthmap canvas from a google street view panorama by panoID\n\nA common fork of the excellent GSVPANODepth.\n\nExample:\n\n```js\nvar gDepthMap = require(\'google-panorama-depthmap\')\n\ngDepthMap(panoID, callback)\n```\n\n\n## See Also\n\n- [google-panorama-by-tiles](https://github.com/Jam3/google-panorama-by-tiles)\n- [google-panorama-by-id](https://github.com/Jam3/google-panorama-by-id)\n- [google-panorama-by-location](https://github.com/Jam3/google-panorama-by-location)\n- [google-panorama-equirectangular](https://github.com/mattdesl/google-panorama-equirectangular)',
17 silly publish   readmeFilename: 'README.md',
17 silly publish   gitHead: '41a2b8cc83a06feb8488f2bd6b8eba1f7cd75e7d',
17 silly publish   _id: 'google-panorama-depthmap@0.0.1',
17 silly publish   _shasum: '35d1cd091e9add7b6b8f91381959a9e3185fa02c',
17 silly publish   _from: '.' }
18 verbose getPublishConfig undefined
19 silly mapToRegistry name google-panorama-depthmap
20 silly mapToRegistry using default registry
21 silly mapToRegistry registry https://registry.npmjs.org/
22 silly mapToRegistry uri https://registry.npmjs.org/google-panorama-depthmap
23 verbose publish registryBase https://registry.npmjs.org/
24 silly publish uploading /Users/shonigstein/.npm/google-panorama-depthmap/0.0.1/package.tgz
25 verbose request uri https://registry.npmjs.org/google-panorama-depthmap
26 verbose request sending authorization for write operation
27 info attempt registry request try #1 at 6:09:00 PM
28 verbose request using bearer token for auth
29 verbose request id a907f138875e5315
30 http request PUT https://registry.npmjs.org/google-panorama-depthmap
31 http 403 https://registry.npmjs.org/google-panorama-depthmap
32 verbose headers { 'content-type': 'application/json',
32 verbose headers   'cache-control': 'max-age=300',
32 verbose headers   'content-length': '95',
32 verbose headers   'accept-ranges': 'bytes',
32 verbose headers   date: 'Mon, 11 Jan 2016 18:09:01 GMT',
32 verbose headers   via: '1.1 varnish',
32 verbose headers   connection: 'keep-alive',
32 verbose headers   'x-served-by': 'cache-fra1221-FRA',
32 verbose headers   'x-cache': 'MISS',
32 verbose headers   'x-cache-hits': '0',
32 verbose headers   'x-timer': 'S1452535740.851606,VS0,VE1079' }
33 verbose request invalidating /Users/shonigstein/.npm/registry.npmjs.org/google-panorama-depthmap on PUT
34 error publish Failed PUT 403
35 verbose stack Error: "You cannot publish over the previously published version 0.0.1." : google-panorama-depthmap
35 verbose stack     at makeError (/usr/local/lib/node_modules/npm/node_modules/npm-registry-client/lib/request.js:264:12)
35 verbose stack     at CachingRegistryClient.<anonymous> (/usr/local/lib/node_modules/npm/node_modules/npm-registry-client/lib/request.js:252:14)
35 verbose stack     at Request._callback (/usr/local/lib/node_modules/npm/node_modules/npm-registry-client/lib/request.js:172:14)
35 verbose stack     at Request.self.callback (/usr/local/lib/node_modules/npm/node_modules/request/request.js:198:22)
35 verbose stack     at emitTwo (events.js:87:13)
35 verbose stack     at Request.emit (events.js:172:7)
35 verbose stack     at Request.<anonymous> (/usr/local/lib/node_modules/npm/node_modules/request/request.js:1082:10)
35 verbose stack     at emitOne (events.js:82:20)
35 verbose stack     at Request.emit (events.js:169:7)
35 verbose stack     at IncomingMessage.<anonymous> (/usr/local/lib/node_modules/npm/node_modules/request/request.js:1009:12)
36 verbose statusCode 403
37 verbose pkgid google-panorama-depthmap
38 verbose cwd /Users/shonigstein/Desktop/google-panorama-depthmap
39 error Darwin 15.2.0
40 error argv "/usr/local/bin/node" "/usr/local/bin/npm" "publish"
41 error node v4.2.4
42 error npm  v2.14.12
43 error code E403
44 error "You cannot publish over the previously published version 0.0.1." : google-panorama-depthmap
45 error If you need help, you may report this error at:
45 error     <https://github.com/npm/npm/issues>
46 verbose exit [ 1, true ]
